/home/rxm/cookstock/update_results.sh: line 17: conda: command not found
Pulling changes from GitHub...
From github.com:shiyu2011/cookstock
 * branch            main       -> FETCH_HEAD
Already up to date.
/home/rxm/cookstock/update_results.sh: line 64: conda: command not found
  File "/home/rxm/cookstock//batch/cookStockPipeline.py", line 86
    filepath = os.path.join(basePath, 'results', f"{file_prefix}_vcp_study_{current_date}.json")
                                                                                              ^
SyntaxError: invalid syntax
  File "/home/rxm/cookstock//auto.py", line 39
    print(f"Skipping folder '{folder}' - not in 'YYYY-MM-DD' format.")
                                                                    ^
SyntaxError: invalid syntax
/home/rxm/cookstock/update_results.sh: line 82: conda: command not found
Tracking large files with Git LFS...
"*.jpg" already supported
"*.jpeg" already supported
"*.png" already supported
"*.json" already supported
Optimizing images in /home/rxm/cookstock/results...
find: ‘jpegoptim’: No such file or directory
find: ‘jpegoptim’: No such file or directory
find: ‘jpegoptim’: No such file or directory
find: ‘jpegoptim’: No such file or directory
find: ‘jpegoptim’: No such file or directory
find: ‘jpegoptim’: No such file or directory
find: ‘jpegoptim’: No such file or directory
find: ‘jpegoptim’: No such file or directory
find: ‘jpegoptim’: No such file or directory
find: ‘jpegoptim’: No such file or directory
find: ‘jpegoptim’: No such file or directory
find: ‘jpegoptim’: No such file or directory
find: ‘jpegoptim’: No such file or directory
find: ‘jpegoptim’: No such file or directory
find: ‘jpegoptim’: No such file or directory
find: ‘jpegoptim’: No such file or directory
find: ‘jpegoptim’: No such file or directory
find: ‘jpegoptim’: No such file or directory
find: ‘jpegoptim’: No such file or directory
find: ‘jpegoptim’: No such file or directory
find: ‘jpegoptim’: No such file or directory
find: ‘jpegoptim’: No such file or directory
find: ‘jpegoptim’: No such file or directory
find: ‘jpegoptim’: No such file or directory
find: ‘jpegoptim’: No such file or directory
find: ‘jpegoptim’: No such file or directory
find: ‘jpegoptim’: No such file or directory
find: ‘jpegoptim’: No such file or directory
find: ‘jpegoptim’: No such file or directory
find: ‘jpegoptim’: No such file or directory
find: ‘jpegoptim’: No such file or directory
find: ‘jpegoptim’: No such file or directory
find: ‘jpegoptim’: No such file or directory
find: ‘jpegoptim’: No such file or directory
find: ‘jpegoptim’: No such file or directory
find: ‘jpegoptim’: No such file or directory
find: ‘jpegoptim’: No such file or directory
find: ‘jpegoptim’: No such file or directory
find: ‘jpegoptim’: No such file or directory
find: ‘jpegoptim’: No such file or directory
find: ‘jpegoptim’: No such file or directory
find: ‘jpegoptim’: No such file or directory
find: ‘jpegoptim’: No such file or directory
find: ‘jpegoptim’: No such file or directory
find: ‘jpegoptim’: No such file or directory
find: ‘jpegoptim’: No such file or directory
find: ‘jpegoptim’: No such file or directory
find: ‘jpegoptim’: No such file or directory
find: ‘jpegoptim’: No such file or directory
find: ‘jpegoptim’: No such file or directory
find: ‘jpegoptim’: No such file or directory
find: ‘jpegoptim’: No such file or directory
find: ‘jpegoptim’: No such file or directory
find: ‘jpegoptim’: No such file or directory
find: ‘jpegoptim’: No such file or directory
find: ‘jpegoptim’: No such file or directory
find: ‘jpegoptim’: No such file or directory
find: ‘jpegoptim’: No such file or directory
find: ‘jpegoptim’: No such file or directory
find: ‘jpegoptim’: No such file or directory
find: ‘jpegoptim’: No such file or directory
find: ‘jpegoptim’: No such file or directory
find: ‘jpegoptim’: No such file or directory
find: ‘jpegoptim’: No such file or directory
find: ‘jpegoptim’: No such file or directory
find: ‘jpegoptim’: No such file or directory
find: ‘jpegoptim’: No such file or directory
find: ‘jpegoptim’: No such file or directory
find: ‘jpegoptim’: No such file or directory
find: ‘jpegoptim’: No such file or directory
find: ‘jpegoptim’: No such file or directory
find: ‘jpegoptim’: No such file or directory
find: ‘jpegoptim’: No such file or directory
find: ‘jpegoptim’: No such file or directory
find: ‘jpegoptim’: No such file or directory
find: ‘jpegoptim’: No such file or directory
find: ‘jpegoptim’: No such file or directory
find: ‘jpegoptim’: No such file or directory
find: ‘jpegoptim’: No such file or directory
find: ‘jpegoptim’: No such file or directory
find: ‘jpegoptim’: No such file or directory
find: ‘jpegoptim’: No such file or directory
find: ‘jpegoptim’: No such file or directory
find: ‘jpegoptim’: No such file or directory
find: ‘jpegoptim’: No such file or directory
find: ‘jpegoptim’: No such file or directory
find: ‘jpegoptim’: No such file or directory
find: ‘jpegoptim’: No such file or directory
find: ‘jpegoptim’: No such file or directory
find: ‘jpegoptim’: No such file or directory
find: ‘jpegoptim’: No such file or directory
find: ‘jpegoptim’: No such file or directory
find: ‘jpegoptim’: No such file or directory
find: ‘jpegoptim’: No such file or directory
find: ‘jpegoptim’: No such file or directory
find: ‘jpegoptim’: No such file or directory
find: ‘jpegoptim’: No such file or directory
find: ‘jpegoptim’: No such file or directory
find: ‘jpegoptim’: No such file or directory
find: ‘jpegoptim’: No such file or directory
find: ‘jpegoptim’: No such file or directory
find: ‘jpegoptim’: No such file or directory
find: ‘jpegoptim’: No such file or directory
find: ‘jpegoptim’: No such file or directory
find: ‘jpegoptim’: No such file or directory
find: ‘jpegoptim’: No such file or directory
find: ‘jpegoptim’: No such file or directory
find: ‘jpegoptim’: No such file or directory
find: ‘jpegoptim’: No such file or directory
find: ‘jpegoptim’: No such file or directory
find: ‘jpegoptim’: No such file or directory
find: ‘jpegoptim’: No such file or directory
find: ‘jpegoptim’: No such file or directory
find: ‘jpegoptim’: No such file or directory
find: ‘jpegoptim’: No such file or directory
find: ‘jpegoptim’: No such file or directory
find: ‘jpegoptim’: No such file or directory
find: ‘jpegoptim’: No such file or directory
find: ‘jpegoptim’: No such file or directory
find: ‘jpegoptim’: No such file or directory
find: ‘jpegoptim’: No such file or directory
find: ‘jpegoptim’: No such file or directory
find: ‘jpegoptim’: No such file or directory
find: ‘jpegoptim’: No such file or directory
find: ‘jpegoptim’: No such file or directory
find: ‘jpegoptim’: No such file or directory
find: ‘jpegoptim’: No such file or directory
find: ‘jpegoptim’: No such file or directory
find: ‘jpegoptim’: No such file or directory
find: ‘jpegoptim’: No such file or directory
find: ‘jpegoptim’: No such file or directory
find: ‘jpegoptim’: No such file or directory
find: ‘jpegoptim’: No such file or directory
find: ‘jpegoptim’: No such file or directory
find: ‘jpegoptim’: No such file or directory
find: ‘jpegoptim’: No such file or directory
find: ‘jpegoptim’: No such file or directory
find: ‘jpegoptim’: No such file or directory
find: ‘jpegoptim’: No such file or directory
find: ‘jpegoptim’: No such file or directory
find: ‘jpegoptim’: No such file or directory
find: ‘jpegoptim’: No such file or directory
find: ‘jpegoptim’: No such file or directory
find: ‘jpegoptim’: No such file or directory
find: ‘jpegoptim’: No such file or directory
find: ‘jpegoptim’: No such file or directory
find: ‘jpegoptim’: No such file or directory
find: ‘jpegoptim’: No such file or directory
find: ‘jpegoptim’: No such file or directory
find: ‘jpegoptim’: No such file or directory
find: ‘jpegoptim’: No such file or directory
find: ‘jpegoptim’: No such file or directory
find: ‘jpegoptim’: No such file or directory
find: ‘jpegoptim’: No such file or directory
find: ‘jpegoptim’: No such file or directory
find: ‘jpegoptim’: No such file or directory
find: ‘jpegoptim’: No such file or directory
find: ‘jpegoptim’: No such file or directory
find: ‘jpegoptim’: No such file or directory
find: ‘jpegoptim’: No such file or directory
find: ‘jpegoptim’: No such file or directory
find: ‘jpegoptim’: No such file or directory
find: ‘jpegoptim’: No such file or directory
find: ‘jpegoptim’: No such file or directory
find: ‘jpegoptim’: No such file or directory
find: ‘jpegoptim’: No such file or directory
find: ‘jpegoptim’: No such file or directory
find: ‘jpegoptim’: No such file or directory
find: ‘jpegoptim’: No such file or directory
find: ‘jpegoptim’: No such file or directory
find: ‘jpegoptim’: No such file or directory
find: ‘jpegoptim’: No such file or directory
find: ‘jpegoptim’: No such file or directory
find: ‘jpegoptim’: No such file or directory
find: ‘jpegoptim’: No such file or directory
find: ‘jpegoptim’: No such file or directory
find: ‘jpegoptim’: No such file or directory
find: ‘jpegoptim’: No such file or directory
find: ‘jpegoptim’: No such file or directory
find: ‘jpegoptim’: No such file or directory
find: ‘jpegoptim’: No such file or directory
find: ‘jpegoptim’: No such file or directory
find: ‘jpegoptim’: No such file or directory
find: ‘jpegoptim’: No such file or directory
find: ‘jpegoptim’: No such file or directory
find: ‘jpegoptim’: No such file or directory
find: ‘jpegoptim’: No such file or directory
find: ‘jpegoptim’: No such file or directory
find: ‘jpegoptim’: No such file or directory
find: ‘jpegoptim’: No such file or directory
find: ‘jpegoptim’: No such file or directory
find: ‘jpegoptim’: No such file or directory
find: ‘jpegoptim’: No such file or directory
find: ‘jpegoptim’: No such file or directory
find: ‘jpegoptim’: No such file or directory
find: ‘jpegoptim’: No such file or directory
find: ‘jpegoptim’: No such file or directory
find: ‘jpegoptim’: No such file or directory
find: ‘jpegoptim’: No such file or directory
find: ‘jpegoptim’: No such file or directory
find: ‘jpegoptim’: No such file or directory
find: ‘jpegoptim’: No such file or directory
find: ‘jpegoptim’: No such file or directory
find: ‘jpegoptim’: No such file or directory
find: ‘jpegoptim’: No such file or directory
find: ‘jpegoptim’: No such file or directory
find: ‘jpegoptim’: No such file or directory
find: ‘jpegoptim’: No such file or directory
find: ‘jpegoptim’: No such file or directory
find: ‘jpegoptim’: No such file or directory
find: ‘jpegoptim’: No such file or directory
find: ‘jpegoptim’: No such file or directory
find: ‘jpegoptim’: No such file or directory
find: ‘jpegoptim’: No such file or directory
find: ‘jpegoptim’: No such file or directory
find: ‘jpegoptim’: No such file or directory
find: ‘jpegoptim’: No such file or directory
find: ‘jpegoptim’: No such file or directory
find: ‘jpegoptim’: No such file or directory
find: ‘jpegoptim’: No such file or directory
find: ‘jpegoptim’: No such file or directory
find: ‘jpegoptim’: No such file or directory
find: ‘jpegoptim’: No such file or directory
find: ‘jpegoptim’: No such file or directory
find: ‘jpegoptim’: No such file or directory
find: ‘jpegoptim’: No such file or directory
find: ‘jpegoptim’: No such file or directory
find: ‘jpegoptim’: No such file or directory
find: ‘jpegoptim’: No such file or directory
find: ‘jpegoptim’: No such file or directory
find: ‘jpegoptim’: No such file or directory
find: ‘jpegoptim’: No such file or directory
find: ‘jpegoptim’: No such file or directory
find: ‘jpegoptim’: No such file or directory
find: ‘jpegoptim’: No such file or directory
find: ‘jpegoptim’: No such file or directory
find: ‘jpegoptim’: No such file or directory
find: ‘jpegoptim’: No such file or directory
find: ‘jpegoptim’: No such file or directory
find: ‘jpegoptim’: No such file or directory
find: ‘jpegoptim’: No such file or directory
find: ‘jpegoptim’: No such file or directory
find: ‘jpegoptim’: No such file or directory
find: ‘jpegoptim’: No such file or directory
find: ‘jpegoptim’: No such file or directory
find: ‘jpegoptim’: No such file or directory
find: ‘jpegoptim’: No such file or directory
find: ‘jpegoptim’: No such file or directory
find: ‘jpegoptim’: No such file or directory
find: ‘jpegoptim’: No such file or directory
find: ‘jpegoptim’: No such file or directory
find: ‘jpegoptim’: No such file or directory
find: ‘jpegoptim’: No such file or directory
find: ‘jpegoptim’: No such file or directory
find: ‘jpegoptim’: No such file or directory
find: ‘jpegoptim’: No such file or directory
find: ‘jpegoptim’: No such file or directory
find: ‘jpegoptim’: No such file or directory
find: ‘jpegoptim’: No such file or directory
find: ‘jpegoptim’: No such file or directory
find: ‘jpegoptim’: No such file or directory
find: ‘jpegoptim’: No such file or directory
find: ‘jpegoptim’: No such file or directory
find: ‘jpegoptim’: No such file or directory
find: ‘jpegoptim’: No such file or directory
find: ‘jpegoptim’: No such file or directory
find: ‘jpegoptim’: No such file or directory
find: ‘jpegoptim’: No such file or directory
find: ‘jpegoptim’: No such file or directory
find: ‘jpegoptim’: No such file or directory
find: ‘jpegoptim’: No such file or directory
find: ‘jpegoptim’: No such file or directory
find: ‘jpegoptim’: No such file or directory
find: ‘jpegoptim’: No such file or directory
find: ‘jpegoptim’: No such file or directory
find: ‘jpegoptim’: No such file or directory
find: ‘jpegoptim’: No such file or directory
find: ‘jpegoptim’: No such file or directory
find: ‘jpegoptim’: No such file or directory
find: ‘jpegoptim’: No such file or directory
find: ‘jpegoptim’: No such file or directory
find: ‘jpegoptim’: No such file or directory
find: ‘jpegoptim’: No such file or directory
find: ‘jpegoptim’: No such file or directory
find: ‘jpegoptim’: No such file or directory
find: ‘jpegoptim’: No such file or directory
find: ‘jpegoptim’: No such file or directory
find: ‘jpegoptim’: No such file or directory
find: ‘jpegoptim’: No such file or directory
find: ‘jpegoptim’: No such file or directory
find: ‘jpegoptim’: No such file or directory
find: ‘jpegoptim’: No such file or directory
find: ‘jpegoptim’: No such file or directory
find: ‘jpegoptim’: No such file or directory
find: ‘jpegoptim’: No such file or directory
find: ‘jpegoptim’: No such file or directory
find: ‘jpegoptim’: No such file or directory
find: ‘jpegoptim’: No such file or directory
find: ‘jpegoptim’: No such file or directory
find: ‘jpegoptim’: No such file or directory
find: ‘jpegoptim’: No such file or directory
find: ‘jpegoptim’: No such file or directory
find: ‘jpegoptim’: No such file or directory
find: ‘jpegoptim’: No such file or directory
find: ‘jpegoptim’: No such file or directory
find: ‘jpegoptim’: No such file or directory
find: ‘jpegoptim’: No such file or directory
find: ‘jpegoptim’: No such file or directory
find: ‘jpegoptim’: No such file or directory
find: ‘jpegoptim’: No such file or directory
find: ‘jpegoptim’: No such file or directory
find: ‘jpegoptim’: No such file or directory
find: ‘jpegoptim’: No such file or directory
find: ‘jpegoptim’: No such file or directory
find: ‘jpegoptim’: No such file or directory
find: ‘jpegoptim’: No such file or directory
find: ‘jpegoptim’: No such file or directory
find: ‘jpegoptim’: No such file or directory
find: ‘jpegoptim’: No such file or directory
find: ‘jpegoptim’: No such file or directory
find: ‘jpegoptim’: No such file or directory
find: ‘jpegoptim’: No such file or directory
find: ‘jpegoptim’: No such file or directory
find: ‘jpegoptim’: No such file or directory
find: ‘jpegoptim’: No such file or directory
find: ‘jpegoptim’: No such file or directory
find: ‘jpegoptim’: No such file or directory
find: ‘jpegoptim’: No such file or directory
find: ‘jpegoptim’: No such file or directory
find: ‘jpegoptim’: No such file or directory
find: ‘jpegoptim’: No such file or directory
find: ‘jpegoptim’: No such file or directory
find: ‘jpegoptim’: No such file or directory
find: ‘jpegoptim’: No such file or directory
find: ‘jpegoptim’: No such file or directory
find: ‘jpegoptim’: No such file or directory
find: ‘jpegoptim’: No such file or directory
find: ‘jpegoptim’: No such file or directory
find: ‘jpegoptim’: No such file or directory
find: ‘jpegoptim’: No such file or directory
find: ‘jpegoptim’: No such file or directory
find: ‘jpegoptim’: No such file or directory
find: ‘jpegoptim’: No such file or directory
Staging changes...
